MyChat/app/build/outputs/logs/manifest-merger-debug-report.txt
-- Merging decision tree log ---
manifest
ADDED from src\main\AndroidManifest.xml:2:1-24:12
INJECTED from src\main\AndroidManifest.xml:2:1-24:12
INJECTED from src\main\AndroidManifest.xml:2:1-24:12
INJECTED from src\main\AndroidManifest.xml:2:1-24:12
MERGED from [com.android.support:design:27.0.2] AndroidManifest.xml:17:1-22:12
MERGED from [com.android.support:appcompat-v7:27.0.2] AndroidManifest.xml:17:1-22:12
MERGED from [com.android.support.constraint:constraint-layout:1.0.2] AndroidManifest.xml:2:1-11:12
MERGED from [com.google.firebase:firebase-core:12.0.1] AndroidManifest.xml:2:1-6:12
MERGED from [com.firebaseui:firebase-ui-database:3.2.2] AndroidManifest.xml:2:1-13:12
MERGED from [com.google.firebase:firebase-database:12.0.1] AndroidManifest.xml:2:1-8:12
MERGED from [com.google.firebase:firebase-auth:12.0.1] AndroidManifest.xml:17:1-32:12
MERGED from [com.google.firebase:firebase-storage:12.0.1] AndroidManifest.xml:2:1-8:12
MERGED from [com.google.firebase:firebase-config:12.0.1] AndroidManifest.xml:17:1-24:12
MERGED from [com.google.firebase:firebase-invites:12.0.1] AndroidManifest.xml:2:1-6:12
MERGED from [com.google.firebase:firebase-messaging:12.0.1] AndroidManifest.xml:17:1-37:12
MERGED from [com.google.firebase:firebase-ads:12.0.1] AndroidManifest.xml:2:1-6:12
MERGED from [com.google.firebase:firebase-appindexing:12.0.1] AndroidManifest.xml:17:1-24:12
MERGED from [com.google.firebase:firebase-perf:12.0.1] AndroidManifest.xml:17:1-35:12
MERGED from [com.github.bumptech.glide:glide:4.5.0] AndroidManifest.xml:2:1-13:12
MERGED from [de.hdodenhof:circleimageview:1.3.0] AndroidManifest.xml:2:1-11:12
MERGED from [com.google.android.gms:play-services-auth:12.0.1] AndroidManifest.xml:17:1-39:12
MERGED from [com.google.firebase:firebase-analytics:12.0.1] AndroidManifest.xml:17:1-54:12
MERGED from [com.google.firebase:firebase-analytics-impl:12.0.1] AndroidManifest.xml:17:1-40:12
MERGED from [com.google.firebase:firebase-iid:12.0.1] AndroidManifest.xml:17:1-59:12
MERGED from [com.google.android.gms:play-services-appinvite:12.0.1] AndroidManifest.xml:17:1-37:12
MERGED from [com.google.firebase:firebase-dynamic-links:12.0.1] AndroidManifest.xml:2:1-9:12
MERGED from [com.google.firebase:firebase-database-connection:12.0.1] AndroidManifest.xml:2:1-8:12
MERGED from [com.google.firebase:firebase-common:12.0.1] AndroidManifest.xml:2:1-15:12
MERGED from [com.google.android.gms:play-services-auth-api-phone:12.0.1] AndroidManifest.xml:2:1-7:12
MERGED from [com.google.android.gms:play-services-auth-base:12.0.1] AndroidManifest.xml:2:1-7:12
MERGED from [com.google.android.gms:play-services-base:12.0.1] AndroidManifest.xml:17:1-29:12
MERGED from [com.google.android.gms:play-services-tasks:12.0.1] AndroidManifest.xml:2:1-9:12
MERGED from [com.google.firebase:firebase-storage-common:12.0.1] AndroidManifest.xml:2:1-8:12
MERGED from [com.google.android.gms:play-services-ads:12.0.1] AndroidManifest.xml:17:1-25:12
MERGED from [com.google.android.gms:play-services-ads-lite:12.0.1] AndroidManifest.xml:17:1-36:12
MERGED from [com.google.android.gms:play-services-gass:12.0.1] AndroidManifest.xml:2:1-9:12
MERGED from [com.google.android.gms:play-services-basement:12.0.1] AndroidManifest.xml:17:1-28:12
MERGED from [com.android.support:support-v4:27.0.2] AndroidManifest.xml:17:1-22:12
MERGED from [com.android.support:support-fragment:27.0.2] AndroidManifest.xml:17:1-22:12
MERGED from [com.android.support:support-core-utils:27.0.2] AndroidManifest.xml:17:1-22:12
MERGED from [com.android.support:animated-vector-drawable:27.0.2] AndroidManifest.xml:17:1-22:12
MERGED from [com.android.support:support-vector-drawable:27.0.2] AndroidManifest.xml:17:1-22:12
MERGED from [com.android.support:recyclerview-v7:27.0.2] AndroidManifest.xml:17:1-22:12
MERGED from [com.android.support:transition:27.0.2] AndroidManifest.xml:17:1-22:12
MERGED from [com.firebaseui:firebase-ui-common:3.2.2] AndroidManifest.xml:2:1-12:12
MERGED from [com.github.bumptech.glide:gifdecoder:4.5.0] AndroidManifest.xml:2:1-11:12
MERGED from [com.android.support:support-core-ui:27.0.2] AndroidManifest.xml:17:1-22:12
MERGED from [com.android.support:support-media-compat:27.0.2] AndroidManifest.xml:17:1-22:12
MERGED from [com.android.support:support-compat:27.0.2] AndroidManifest.xml:17:1-22:12
MERGED from [android.arch.lifecycle:viewmodel:1.1.0] AndroidManifest.xml:17:1-22:12
MERGED from [android.arch.lifecycle:runtime:1.1.0] AndroidManifest.xml:17:1-22:12
MERGED from [com.google.firebase:firebase-database-license:12.0.1] AndroidManifest.xml:17:1-24:12
MERGED from [com.google.firebase:firebase-auth-license:12.0.1] AndroidManifest.xml:17:1-24:12
MERGED from [com.google.firebase:firebase-storage-license:12.0.1] AndroidManifest.xml:17:1-24:12
MERGED from [com.google.firebase:firebase-config-license:12.0.1] AndroidManifest.xml:17:1-24:12
MERGED from [com.google.firebase:firebase-messaging-license:12.0.1] AndroidManifest.xml:17:1-24:12
MERGED from [com.google.firebase:firebase-appindexing-license:12.0.1] AndroidManifest.xml:17:1-24:12
MERGED from [com.google.firebase:firebase-perf-license:12.0.1] AndroidManifest.xml:17:1-24:12
MERGED from [com.google.firebase:firebase-analytics-license:12.0.1] AndroidManifest.xml:17:1-24:12
MERGED from [com.google.android.gms:play-services-basement-license:12.0.1] AndroidManifest.xml:17:1-24:12
MERGED from [com.google.firebase:firebase-common-license:12.0.1] AndroidManifest.xml:17:1-24:12
MERGED from [com.google.android.gms:play-services-tasks-license:12.0.1] AndroidManifest.xml:17:1-24:12
MERGED from [com.google.android.gms:play-services-base-license:12.0.1] AndroidManifest.xml:17:1-24:12
MERGED from [com.google.firebase:firebase-storage-common-license:12.0.1] AndroidManifest.xml:17:1-24:12
MERGED from [com.google.firebase:firebase-iid-license:12.0.1] AndroidManifest.xml:17:1-24:12
MERGED from [com.google.android.gms:play-services-appinvite-license:12.0.1] AndroidManifest.xml:17:1-24:12
MERGED from [com.google.android.gms:play-services-ads-license:12.0.1] AndroidManifest.xml:17:1-24:12
MERGED from [com.google.android.gms:play-services-auth-api-phone-license:12.0.1] AndroidManifest.xml:17:1-24:12
MERGED from [com.google.android.gms:play-services-auth-base-license:12.0.1] AndroidManifest.xml:17:1-24:12
MERGED from [com.google.firebase:firebase-analytics-impl-license:12.0.1] AndroidManifest.xml:17:1-24:12
MERGED from [com.google.firebase:firebase-dynamic-links-license:12.0.1] AndroidManifest.xml:17:1-24:12
MERGED from [com.google.android.gms:play-services-ads-lite-license:12.0.1] AndroidManifest.xml:17:1-24:12
MERGED from [com.google.android.gms:play-services-gass-license:12.0.1] AndroidManifest.xml:17:1-24:12
MERGED from [com.google.firebase:firebase-database-connection-license:12.0.1] AndroidManifest.xml:17:1-24:12
INJECTED from src\main\AndroidManifest.xml:2:1-24:12
INJECTED from src\main\AndroidManifest.xml:2:1-24:12
INJECTED from src\main\AndroidManifest.xml:2:1-24:12
	package
		ADDED from src\main\AndroidManifest.xml:3:5-35
		INJECTED from src\main\AndroidManifest.xml
		INJECTED from src\main\AndroidManifest.xml
	android:versionName
		INJECTED from src\main\AndroidManifest.xml
		ADDED from src\main\AndroidManifest.xml:2:1-24:12
		INJECTED from src\main\AndroidManifest.xml
	android:versionCode
		INJECTED from src\main\AndroidManifest.xml
		ADDED from src\main\AndroidManifest.xml:2:1-24:12
		INJECTED from src\main\AndroidManifest.xml
	xmlns:android
		ADDED from src\main\AndroidManifest.xml:2:11-69
application
ADDED from src\main\AndroidManifest.xml:5:5-22:19
MERGED from [com.android.support.constraint:constraint-layout:1.0.2] AndroidManifest.xml:9:5-20
MERGED from [com.android.support.constraint:constraint-layout:1.0.2] AndroidManifest.xml:9:5-20
MERGED from [com.google.firebase:firebase-core:12.0.1] AndroidManifest.xml:5:5-20
MERGED from [com.google.firebase:firebase-core:12.0.1] AndroidManifest.xml:5:5-20
MERGED from [com.google.firebase:firebase-auth:12.0.1] AndroidManifest.xml:22:5-30:19
MERGED from [com.google.firebase:firebase-auth:12.0.1] AndroidManifest.xml:22:5-30:19
MERGED from [com.google.firebase:firebase-config:12.0.1] AndroidManifest.xml:22:5-20
MERGED from [com.google.firebase:firebase-config:12.0.1] AndroidManifest.xml:22:5-20
MERGED from [com.google.firebase:firebase-invites:12.0.1] AndroidManifest.xml:5:5-20
MERGED from [com.google.firebase:firebase-invites:12.0.1] AndroidManifest.xml:5:5-20
MERGED from [com.google.firebase:firebase-messaging:12.0.1] AndroidManifest.xml:22:5-35:19
MERGED from [com.google.firebase:firebase-messaging:12.0.1] AndroidManifest.xml:22:5-35:19
MERGED from [com.google.firebase:firebase-ads:12.0.1] AndroidManifest.xml:5:5-20
MERGED from [com.google.firebase:firebase-ads:12.0.1] AndroidManifest.xml:5:5-20
MERGED from [com.google.firebase:firebase-appindexing:12.0.1] AndroidManifest.xml:22:5-20
MERGED from [com.google.firebase:firebase-appindexing:12.0.1] AndroidManifest.xml:22:5-20
MERGED from [com.google.firebase:firebase-perf:12.0.1] AndroidManifest.xml:27:5-33:19
MERGED from [com.google.firebase:firebase-perf:12.0.1] AndroidManifest.xml:27:5-33:19
MERGED from [com.github.bumptech.glide:glide:4.5.0] AndroidManifest.xml:11:5-20
MERGED from [com.github.bumptech.glide:glide:4.5.0] AndroidManifest.xml:11:5-20
MERGED from [de.hdodenhof:circleimageview:1.3.0] AndroidManifest.xml:9:5-20
MERGED from [de.hdodenhof:circleimageview:1.3.0] AndroidManifest.xml:9:5-20
MERGED from [com.google.android.gms:play-services-auth:12.0.1] AndroidManifest.xml:22:5-37:19
MERGED from [com.google.android.gms:play-services-auth:12.0.1] AndroidManifest.xml:22:5-37:19
MERGED from [com.google.firebase:firebase-analytics:12.0.1] AndroidManifest.xml:27:5-52:19
MERGED from [com.google.firebase:firebase-analytics:12.0.1] AndroidManifest.xml:27:5-52:19
MERGED from [com.google.firebase:firebase-analytics-impl:12.0.1] AndroidManifest.xml:27:5-38:19
MERGED from [com.google.firebase:firebase-analytics-impl:12.0.1] AndroidManifest.xml:27:5-38:19
MERGED from [com.google.firebase:firebase-iid:12.0.1] AndroidManifest.xml:34:5-57:19
MERGED from [com.google.firebase:firebase-iid:12.0.1] AndroidManifest.xml:34:5-57:19
MERGED from [com.google.android.gms:play-services-appinvite:12.0.1] AndroidManifest.xml:24:5-35:19
MERGED from [com.google.android.gms:play-services-appinvite:12.0.1] AndroidManifest.xml:24:5-35:19
MERGED from [com.google.firebase:firebase-dynamic-links:12.0.1] AndroidManifest.xml:7:5-20
MERGED from [com.google.firebase:firebase-dynamic-links:12.0.1] AndroidManifest.xml:7:5-20
MERGED from [com.google.firebase:firebase-common:12.0.1] AndroidManifest.xml:7:5-13:19
MERGED from [com.google.firebase:firebase-common:12.0.1] AndroidManifest.xml:7:5-13:19
MERGED from [com.google.android.gms:play-services-base:12.0.1] AndroidManifest.xml:22:5-27:19
MERGED from [com.google.android.gms:play-services-base:12.0.1] AndroidManifest.xml:22:5-27:19
MERGED from [com.google.android.gms:play-services-tasks:12.0.1] AndroidManifest.xml:7:5-20
MERGED from [com.google.android.gms:play-services-tasks:12.0.1] AndroidManifest.xml:7:5-20
MERGED from [com.google.android.gms:play-services-ads-lite:12.0.1] AndroidManifest.xml:26:5-34:19
MERGED from [com.google.android.gms:play-services-ads-lite:12.0.1] AndroidManifest.xml:26:5-34:19
MERGED from [com.google.android.gms:play-services-gass:12.0.1] AndroidManifest.xml:7:5-20
MERGED from [com.google.android.gms:play-services-gass:12.0.1] AndroidManifest.xml:7:5-20
MERGED from [com.google.android.gms:play-services-basement:12.0.1] AndroidManifest.xml:22:5-26:19
MERGED from [com.google.android.gms:play-services-basement:12.0.1] AndroidManifest.xml:22:5-26:19
MERGED from [com.github.bumptech.glide:gifdecoder:4.5.0] AndroidManifest.xml:9:5-20
MERGED from [com.github.bumptech.glide:gifdecoder:4.5.0] AndroidManifest.xml:9:5-20
MERGED from [com.google.firebase:firebase-database-license:12.0.1] AndroidManifest.xml:22:5-20
MERGED from [com.google.firebase:firebase-database-license:12.0.1] AndroidManifest.xml:22:5-20
MERGED from [com.google.firebase:firebase-auth-license:12.0.1] AndroidManifest.xml:22:5-20
MERGED from [com.google.firebase:firebase-auth-license:12.0.1] AndroidManifest.xml:22:5-20
MERGED from [com.google.firebase:firebase-storage-license:12.0.1] AndroidManifest.xml:22:5-20
MERGED from [com.google.firebase:firebase-storage-license:12.0.1] AndroidManifest.xml:22:5-20
MERGED from [com.google.firebase:firebase-config-license:12.0.1] AndroidManifest.xml:22:5-20
MERGED from [com.google.firebase:firebase-config-license:12.0.1] AndroidManifest.xml:22:5-20
MERGED from [com.google.firebase:firebase-messaging-license:12.0.1] AndroidManifest.xml:22:5-20
MERGED from [com.google.firebase:firebase-messaging-license:12.0.1] AndroidManifest.xml:22:5-20
MERGED from [com.google.firebase:firebase-appindexing-license:12.0.1] AndroidManifest.xml:22:5-20
MERGED from [com.google.firebase:firebase-appindexing-license:12.0.1] AndroidManifest.xml:22:5-20
MERGED from [com.google.firebase:firebase-perf-license:12.0.1] AndroidManifest.xml:22:5-20
MERGED from [com.google.firebase:firebase-perf-license:12.0.1] AndroidManifest.xml:22:5-20
MERGED from [com.google.firebase:firebase-analytics-license:12.0.1] AndroidManifest.xml:22:5-20
MERGED from [com.google.firebase:firebase-analytics-license:12.0.1] AndroidManifest.xml:22:5-20
MERGED from [com.google.android.gms:play-services-basement-license:12.0.1] AndroidManifest.xml:22:5-20
MERGED from [com.google.android.gms:play-services-basement-license:12.0.1] AndroidManifest.xml:22:5-20
MERGED from [com.google.firebase:firebase-common-license:12.0.1] AndroidManifest.xml:22:5-20
MERGED from [com.google.firebase:firebase-common-license:12.0.1] AndroidManifest.xml:22:5-20
MERGED from [com.google.android.gms:play-services-tasks-license:12.0.1] AndroidManifest.xml:22:5-20
MERGED from [com.google.android.gms:play-services-tasks-license:12.0.1] AndroidManifest.xml:22:5-20
MERGED from [com.google.android.gms:play-services-base-license:12.0.1] AndroidManifest.xml:22:5-20
MERGED from [com.google.android.gms:play-services-base-license:12.0.1] AndroidManifest.xml:22:5-20
MERGED from [com.google.firebase:firebase-storage-common-license:12.0.1] AndroidManifest.xml:22:5-20
MERGED from [com.google.firebase:firebase-storage-common-license:12.0.1] AndroidManifest.xml:22:5-20
MERGED from [com.google.firebase:firebase-iid-license:12.0.1] AndroidManifest.xml:22:5-20
MERGED from [com.google.firebase:firebase-iid-license:12.0.1] AndroidManifest.xml:22:5-20
MERGED from [com.google.android.gms:play-services-appinvite-license:12.0.1] AndroidManifest.xml:22:5-20
MERGED from [com.google.android.gms:play-services-appinvite-license:12.0.1] AndroidManifest.xml:22:5-20
MERGED from [com.google.android.gms:play-services-ads-license:12.0.1] AndroidManifest.xml:22:5-20
MERGED from [com.google.android.gms:play-services-ads-license:12.0.1] AndroidManifest.xml:22:5-20
MERGED from [com.google.android.gms:play-services-auth-api-phone-license:12.0.1] AndroidManifest.xml:22:5-20
MERGED from [com.google.android.gms:play-services-auth-api-phone-license:12.0.1] AndroidManifest.xml:22:5-20
MERGED from [com.google.android.gms:play-services-auth-base-license:12.0.1] AndroidManifest.xml:22:5-20
MERGED from [com.google.android.gms:play-services-auth-base-license:12.0.1] AndroidManifest.xml:22:5-20
MERGED from [com.google.firebase:firebase-analytics-impl-license:12.0.1] AndroidManifest.xml:22:5-20
MERGED from [com.google.firebase:firebase-analytics-impl-license:12.0.1] AndroidManifest.xml:22:5-20
MERGED from [com.google.firebase:firebase-dynamic-links-license:12.0.1] AndroidManifest.xml:22:5-20
MERGED from [com.google.firebase:firebase-dynamic-links-license:12.0.1] AndroidManifest.xml:22:5-20
MERGED from [com.google.android.gms:play-services-ads-lite-license:12.0.1] AndroidManifest.xml:22:5-20
MERGED from [com.google.android.gms:play-services-ads-lite-license:12.0.1] AndroidManifest.xml:22:5-20
MERGED from [com.google.android.gms:play-services-gass-license:12.0.1] AndroidManifest.xml:22:5-20
MERGED from [com.google.android.gms:play-services-gass-license:12.0.1] AndroidManifest.xml:22:5-20
MERGED from [com.google.firebase:firebase-database-connection-license:12.0.1] AndroidManifest.xml:22:5-20
MERGED from [com.google.firebase:firebase-database-connection-license:12.0.1] AndroidManifest.xml:22:5-20
	android:supportsRtl
		ADDED from src\main\AndroidManifest.xml:10:9-35
	android:label
		ADDED from src\main\AndroidManifest.xml:8:9-41
	android:roundIcon
		ADDED from src\main\AndroidManifest.xml:9:9-54
	android:icon
		ADDED from src\main\AndroidManifest.xml:7:9-43
	android:allowBackup
		ADDED from src\main\AndroidManifest.xml:6:9-35
	android:theme
		ADDED from src\main\AndroidManifest.xml:11:9-40
activity#com.fire.tynx.mychat.activity.MainActivity
ADDED from src\main\AndroidManifest.xml:12:9-13:20
	android:name
		ADDED from src\main\AndroidManifest.xml:12:19-56
activity#com.fire.tynx.mychat.activity.SignIn
ADDED from src\main\AndroidManifest.xml:14:9-20:20
	android:name
		ADDED from src\main\AndroidManifest.xml:14:19-50
intent-filter#action:name:android.intent.action.MAIN+category:name:android.intent.category.LAUNCHER
ADDED from src\main\AndroidManifest.xml:15:13-19:29
action#android.intent.action.MAIN
ADDED from src\main\AndroidManifest.xml:16:17-69
	android:name
		ADDED from src\main\AndroidManifest.xml:16:25-66
category#android.intent.category.LAUNCHER
ADDED from src\main\AndroidManifest.xml:18:17-77
	android:name
		ADDED from src\main\AndroidManifest.xml:18:27-74
activity#com.fire.tynx.mychat.activity.SignUp
ADDED from src\main\AndroidManifest.xml:21:9-52
	android:name
		ADDED from src\main\AndroidManifest.xml:21:19-50
uses-sdk
INJECTED from src\main\AndroidManifest.xml reason: use-sdk injection requested
INJECTED from src\main\AndroidManifest.xml
INJECTED from src\main\AndroidManifest.xml
MERGED from [com.android.support:design:27.0.2] AndroidManifest.xml:20:5-44
MERGED from [com.android.support:design:27.0.2] AndroidManifest.xml:20:5-44
MERGED from [com.android.support:appcompat-v7:27.0.2] AndroidManifest.xml:20:5-44
MERGED from [com.android.support:appcompat-v7:27.0.2] AndroidManifest.xml:20:5-44
MERGED from [com.android.support.constraint:constraint-layout:1.0.2] AndroidManifest.xml:5:5-7:41
MERGED from [com.android.support.constraint:constraint-layout:1.0.2] AndroidManifest.xml:5:5-7:41
MERGED from [com.google.firebase:firebase-core:12.0.1] AndroidManifest.xml:4:5-43
MERGED from [com.google.firebase:firebase-core:12.0.1] AndroidManifest.xml:4:5-43
MERGED from [com.firebaseui:firebase-ui-database:3.2.2] AndroidManifest.xml:7:5-9:41
MERGED from [com.firebaseui:firebase-ui-database:3.2.2] AndroidManifest.xml:7:5-9:41
MERGED from [com.google.firebase:firebase-database:12.0.1] AndroidManifest.xml:6:5-44
MERGED from [com.google.firebase:firebase-database:12.0.1] AndroidManifest.xml:6:5-44
MERGED from [com.google.firebase:firebase-auth:12.0.1] AndroidManifest.xml:20:5-44
MERGED from [com.google.firebase:firebase-auth:12.0.1] AndroidManifest.xml:20:5-44
MERGED from [com.google.firebase:firebase-storage:12.0.1] AndroidManifest.xml:6:5-44
MERGED from [com.google.firebase:firebase-storage:12.0.1] AndroidManifest.xml:6:5-44
MERGED from [com.google.firebase:firebase-config:12.0.1] AndroidManifest.xml:20:5-44
MERGED from [com.google.firebase:firebase-config:12.0.1] AndroidManifest.xml:20:5-44
MERGED from [com.google.firebase:firebase-invites:12.0.1] AndroidManifest.xml:4:5-43
MERGED from [com.google.firebase:firebase-invites:12.0.1] AndroidManifest.xml:4:5-43
MERGED from [com.google.firebase:firebase-messaging:12.0.1] AndroidManifest.xml:20:5-44
MERGED from [com.google.firebase:firebase-messaging:12.0.1] AndroidManifest.xml:20:5-44
MERGED from [com.google.firebase:firebase-ads:12.0.1] AndroidManifest.xml:4:5-43
MERGED from [com.google.firebase:firebase-ads:12.0.1] AndroidManifest.xml:4:5-43
MERGED from [com.google.firebase:firebase-appindexing:12.0.1] AndroidManifest.xml:20:5-44
MERGED from [com.google.firebase:firebase-appindexing:12.0.1] AndroidManifest.xml:20:5-44
MERGED from [com.google.firebase:firebase-perf:12.0.1] AndroidManifest.xml:20:5-44
MERGED from [com.google.firebase:firebase-perf:12.0.1] AndroidManifest.xml:20:5-44
MERGED from [com.github.bumptech.glide:glide:4.5.0] AndroidManifest.xml:7:5-9:41
MERGED from [com.github.bumptech.glide:glide:4.5.0] AndroidManifest.xml:7:5-9:41
MERGED from [de.hdodenhof:circleimageview:1.3.0] AndroidManifest.xml:5:5-7:41
MERGED from [de.hdodenhof:circleimageview:1.3.0] AndroidManifest.xml:5:5-7:41
MERGED from [com.google.android.gms:play-services-auth:12.0.1] AndroidManifest.xml:20:5-44
MERGED from [com.google.android.gms:play-services-auth:12.0.1] AndroidManifest.xml:20:5-44
MERGED from [com.google.firebase:firebase-analytics:12.0.1] AndroidManifest.xml:20:5-44
MERGED from [com.google.firebase:firebase-analytics:12.0.1] AndroidManifest.xml:20:5-44
MERGED from [com.google.firebase:firebase-analytics-impl:12.0.1] AndroidManifest.xml:20:5-44
MERGED from [com.google.firebase:firebase-analytics-impl:12.0.1] AndroidManifest.xml:20:5-44
MERGED from [com.google.firebase:firebase-iid:12.0.1] AndroidManifest.xml:20:5-44
MERGED from [com.google.firebase:firebase-iid:12.0.1] AndroidManifest.xml:20:5-44
MERGED from [com.google.android.gms:play-services-appinvite:12.0.1] AndroidManifest.xml:20:5-44
MERGED from [com.google.android.gms:play-services-appinvite:12.0.1] AndroidManifest.xml:20:5-44
MERGED from [com.google.firebase:firebase-dynamic-links:12.0.1] AndroidManifest.xml:5:5-44
MERGED from [com.google.firebase:firebase-dynamic-links:12.0.1] AndroidManifest.xml:5:5-44
MERGED from [com.google.firebase:firebase-database-connection:12.0.1] AndroidManifest.xml:6:5-44
MERGED from [com.google.firebase:firebase-database-connection:12.0.1] AndroidManifest.xml:6:5-44
MERGED from [com.google.firebase:firebase-common:12.0.1] AndroidManifest.xml:5:5-44
MERGED from [com.google.firebase:firebase-common:12.0.1] AndroidManifest.xml:5:5-44
MERGED from [com.google.android.gms:play-services-auth-api-phone:12.0.1] AndroidManifest.xml:5:5-44
MERGED from [com.google.android.gms:play-services-auth-api-phone:12.0.1] AndroidManifest.xml:5:5-44
MERGED from [com.google.android.gms:play-services-auth-base:12.0.1] AndroidManifest.xml:5:5-44
MERGED from [com.google.android.gms:play-services-auth-base:12.0.1] AndroidManifest.xml:5:5-44
MERGED from [com.google.android.gms:play-services-base:12.0.1] AndroidManifest.xml:20:5-44
MERGED from [com.google.android.gms:play-services-base:12.0.1] AndroidManifest.xml:20:5-44
MERGED from [com.google.android.gms:play-services-tasks:12.0.1] AndroidManifest.xml:5:5-44
MERGED from [com.google.android.gms:play-services-tasks:12.0.1] AndroidManifest.xml:5:5-44
MERGED from [com.google.firebase:firebase-storage-common:12.0.1] AndroidManifest.xml:6:5-44
MERGED from [com.google.firebase:firebase-storage-common:12.0.1] AndroidManifest.xml:6:5-44
MERGED from [com.google.android.gms:play-services-ads:12.0.1] AndroidManifest.xml:21:5-23:62
MERGED from [com.google.android.gms:play-services-ads:12.0.1] AndroidManifest.xml:21:5-23:62
MERGED from [com.google.android.gms:play-services-ads-lite:12.0.1] AndroidManifest.xml:20:5-44
MERGED from [com.google.android.gms:play-services-ads-lite:12.0.1] AndroidManifest.xml:20:5-44
MERGED from [com.google.android.gms:play-services-gass:12.0.1] AndroidManifest.xml:5:5-44
MERGED from [com.google.android.gms:play-services-gass:12.0.1] AndroidManifest.xml:5:5-44
MERGED from [com.google.android.gms:play-services-basement:12.0.1] AndroidManifest.xml:20:5-44
MERGED from [com.google.android.gms:play-services-basement:12.0.1] AndroidManifest.xml:20:5-44
MERGED from [com.android.support:support-v4:27.0.2] AndroidManifest.xml:20:5-44
MERGED from [com.android.support:support-v4:27.0.2] AndroidManifest.xml:20:5-44
MERGED from [com.android.support:support-fragment:27.0.2] AndroidManifest.xml:20:5-44
MERGED from [com.android.support:support-fragment:27.0.2] AndroidManifest.xml:20:5-44
MERGED from [com.android.support:support-core-utils:27.0.2] AndroidManifest.xml:20:5-44
MERGED from [com.android.support:support-core-utils:27.0.2] AndroidManifest.xml:20:5-44
MERGED from [com.android.support:animated-vector-drawable:27.0.2] AndroidManifest.xml:20:5-44
MERGED from [com.android.support:animated-vector-drawable:27.0.2] AndroidManifest.xml:20:5-44
MERGED from [com.android.support:support-vector-drawable:27.0.2] AndroidManifest.xml:20:5-44
MERGED from [com.android.support:support-vector-drawable:27.0.2] AndroidManifest.xml:20:5-44
MERGED from [com.android.support:recyclerview-v7:27.0.2] AndroidManifest.xml:20:5-44
MERGED from [com.android.support:recyclerview-v7:27.0.2] AndroidManifest.xml:20:5-44
MERGED from [com.android.support:transition:27.0.2] AndroidManifest.xml:20:5-44
MERGED from [com.android.support:transition:27.0.2] AndroidManifest.xml:20:5-44
MERGED from [com.firebaseui:firebase-ui-common:3.2.2] AndroidManifest.xml:8:5-10:41
MERGED from [com.firebaseui:firebase-ui-common:3.2.2] AndroidManifest.xml:8:5-10:41
MERGED from [com.github.bumptech.glide:gifdecoder:4.5.0] AndroidManifest.xml:5:5-7:41
MERGED from [com.github.bumptech.glide:gifdecoder:4.5.0] AndroidManifest.xml:5:5-7:41
MERGED from [com.android.support:support-core-ui:27.0.2] AndroidManifest.xml:20:5-44
MERGED from [com.android.support:support-core-ui:27.0.2] AndroidManifest.xml:20:5-44
MERGED from [com.android.support:support-media-compat:27.0.2] AndroidManifest.xml:20:5-44
MERGED from [com.android.support:support-media-compat:27.0.2] AndroidManifest.xml:20:5-44
MERGED from [com.android.support:support-compat:27.0.2] AndroidManifest.xml:20:5-44
MERGED from [com.android.support:support-compat:27.0.2] AndroidManifest.xml:20:5-44
MERGED from [android.arch.lifecycle:viewmodel:1.1.0] AndroidManifest.xml:20:5-44
MERGED from [android.arch.lifecycle:viewmodel:1.1.0] AndroidManifest.xml:20:5-44
MERGED from [android.arch.lifecycle:runtime:1.1.0] AndroidManifest.xml:20:5-44
MERGED from [android.arch.lifecycle:runtime:1.1.0] AndroidManifest.xml:20:5-44
MERGED from [com.google.firebase:firebase-database-license:12.0.1] AndroidManifest.xml:20:5-44
MERGED from [com.google.firebase:firebase-database-license:12.0.1] AndroidManifest.xml:20:5-44
MERGED from [com.google.firebase:firebase-auth-license:12.0.1] AndroidManifest.xml:20:5-44
MERGED from [com.google.firebase:firebase-auth-license:12.0.1] AndroidManifest.xml:20:5-44
MERGED from [com.google.firebase:firebase-storage-license:12.0.1] AndroidManifest.xml:20:5-44
MERGED from [com.google.firebase:firebase-storage-license:12.0.1] AndroidManifest.xml:20:5-44
MERGED from [com.google.firebase:firebase-config-license:12.0.1] AndroidManifest.xml:20:5-44
MERGED from [com.google.firebase:firebase-config-license:12.0.1] AndroidManifest.xml:20:5-44
MERGED from [com.google.firebase:firebase-messaging-license:12.0.1] AndroidManifest.xml:20:5-44
MERGED from [com.google.firebase:firebase-messaging-license:12.0.1] AndroidManifest.xml:20:5-44
MERGED from [com.google.firebase:firebase-appindexing-license:12.0.1] AndroidManifest.xml:20:5-44
MERGED from [com.google.firebase:firebase-appindexing-license:12.0.1] AndroidManifest.xml:20:5-44
MERGED from [com.google.firebase:firebase-perf-license:12.0.1] AndroidManifest.xml:20:5-44
MERGED from [com.google.firebase:firebase-perf-license:12.0.1] AndroidManifest.xml:20:5-44
MERGED from [com.google.firebase:firebase-analytics-license:12.0.1] AndroidManifest.xml:20:5-44
MERGED from [com.google.firebase:firebase-analytics-license:12.0.1] AndroidManifest.xml:20:5-44
MERGED from [com.google.android.gms:play-services-basement-license:12.0.1] AndroidManifest.xml:20:5-44
MERGED from [com.google.android.gms:play-services-basement-license:12.0.1] AndroidManifest.xml:20:5-44
MERGED from [com.google.firebase:firebase-common-license:12.0.1] AndroidManifest.xml:20:5-44
MERGED from [com.google.firebase:firebase-common-license:12.0.1] AndroidManifest.xml:20:5-44
MERGED from [com.google.android.gms:play-services-tasks-license:12.0.1] AndroidManifest.xml:20:5-44
MERGED from [com.google.android.gms:play-services-tasks-license:12.0.1] AndroidManifest.xml:20:5-44
MERGED from [com.google.android.gms:play-services-base-license:12.0.1] AndroidManifest.xml:20:5-44
MERGED from [com.google.android.gms:play-services-base-license:12.0.1] AndroidManifest.xml:20:5-44
MERGED from [com.google.firebase:firebase-storage-common-license:12.0.1] AndroidManifest.xml:20:5-44
MERGED from [com.google.firebase:firebase-storage-common-license:12.0.1] AndroidManifest.xml:20:5-44
MERGED from [com.google.firebase:firebase-iid-license:12.0.1] AndroidManifest.xml:20:5-44
MERGED from [com.google.firebase:firebase-iid-license:12.0.1] AndroidManifest.xml:20:5-44
MERGED from [com.google.android.gms:play-services-appinvite-license:12.0.1] AndroidManifest.xml:20:5-44
MERGED from [com.google.android.gms:play-services-appinvite-license:12.0.1] AndroidManifest.xml:20:5-44
MERGED from [com.google.android.gms:play-services-ads-license:12.0.1] AndroidManifest.xml:20:5-44
MERGED from [com.google.android.gms:play-services-ads-license:12.0.1] AndroidManifest.xml:20:5-44
MERGED from [com.google.android.gms:play-services-auth-api-phone-license:12.0.1] AndroidManifest.xml:20:5-44
MERGED from [com.google.android.gms:play-services-auth-api-phone-license:12.0.1] AndroidManifest.xml:20:5-44
MERGED from [com.google.android.gms:play-services-auth-base-license:12.0.1] AndroidManifest.xml:20:5-44
MERGED from [com.google.android.gms:play-services-auth-base-license:12.0.1] AndroidManifest.xml:20:5-44
MERGED from [com.google.firebase:firebase-analytics-impl-license:12.0.1] AndroidManifest.xml:20:5-44
MERGED from [com.google.firebase:firebase-analytics-impl-license:12.0.1] AndroidManifest.xml:20:5-44
MERGED from [com.google.firebase:firebase-dynamic-links-license:12.0.1] AndroidManifest.xml:20:5-44